0.00594
0.00605
0.00484
0.00425
0.00487
0.00420
0.00328
0.00430
0.00506
0.00461
0.00385
0.00378
0.00408
0.00406
0.00389
0.00373
0.00359
0.00318
0.00233
0.00192
0.00183
0.00211
0.00119
0.00133
0.00126
0.00119
0.00083
0.00104
0.00104
0.00100
0.00076
0.00050
0.00062
0.00040
0.00064
0.00069
0.00040
0.00045
0.00040
0.00038
0.00043
0.00057
0.00033
0.00026
0.00031
0.00036
0.00038
0.00047
0.00040
0.00057
0.00040
0.00050
0.00045
0.00043
0.00036
0.00045
0.00031
0.00019
0.00021
0.00055
0.00038
0.00055
0.00038
0.00024
0.00038
0.00009
0.00017
0.00024
0.00026
0.00026
0.00031
0.00024
0.00009
0.00012
0.00021
0.00009
0.00026
0.00017
0.00017
0.00019
0.00009
0.00009
0.00014
0.00031
0.00031
0.00045
0.00047
0.00036
0.00019
0.00028
0.00036
0.00019
0.00028
0.00024
0.00012
0.00019
0.00036
0.00009
0.00033
0.00021
0.00062
0.00033
0.00024
0.00026
0.00009
0.00017
0.00007
0.00033
0.00019
0.00014
0.00028
0.00028
0.00014
0.00026
0.00026
0.00097
0.00059
0.00102
0.00147
0.00297
0.00116
0.00062
0.00126
0.00097
0.00166
0.00154
0.00204
0.00161
0.00133
0.00135
0.00154
0.00093
0.00071
0.00076
0.00066
0.00081
0.00147
0.00059
0.00074
0.00078
0.00095
0.00145
0.00083
0.00083
0.00088
0.00074
0.00052
0.00038
0.00062
0.00078
0.00071
0.00088
0.00083
0.00095
0.00085
0.00088
0.00114
0.00052
0.00059