0.00130
0.00092
0.00138
0.00118
0.00150
0.00138
0.00130
0.00179
0.00133
0.00170
0.00222
0.00225
0.00239
0.00257
0.00234
0.00187
0.00164
0.00164
0.00205
0.00162
0.00136
0.00133
0.00110
0.00095
0.00081
0.00078
0.00081
0.00072
0.00084
0.00092
0.00092
0.00069
0.00066
0.00089
0.00087
0.00069
0.00078
0.00078
0.00078
0.00087
0.00078
0.00092
0.00092
0.00087
0.00098
0.00087
0.00081
0.00112
0.00107
0.00084
0.00075
0.00081
0.00069
0.00061
0.00063
0.00075
0.00061
0.00052
0.00069
0.00061
0.00087
0.00084
0.00130
0.00063
0.00366
0.00104
0.00029
0.00026
0.00032
0.00029
0.00043
0.00023
0.00040
0.00023
0.00017
0.00014
0.00026
0.00012
0.00032
0.00023
0.00037
0.00037
0.00063
0.00058
0.00046
0.00035
0.00029
0.00037
0.00029
0.00061
0.00014
0.00026
0.00046
0.00026
0.00020
0.00014
0.00009
0.00017
0.00020
0.00020
0.00023
0.00017
0.00058
0.00029
0.00032
0.00049
0.00040
0.00014
0.00026
0.00032
0.00029
0.00029
0.00040
0.00043
0.00017
0.00020
0.00012
0.00014
0.00023
0.00026
0.00040
0.00020
0.00078
0.00069
0.00040
0.00026
0.00150
0.00144
0.00369
0.00156
0.00138
0.00208
0.00193
0.00167
0.00199
0.00248
0.00277
0.00280
0.00173
0.00441
0.00098
0.00061
0.00075
0.00075
0.00141
0.00456
0.00536
0.00326
0.00363
0.00335
0.00366
0.00395
0.00418
0.00459
0.00695
0.00894
0.00865
0.01061